<?xml version="1.0" encoding="UTF-8"?>
<!-- Generated by org.testng.reporters.JUnitXMLReporter -->
<testsuite hostname="LAPTOP-9TOO7350" ignored="0" name="Default test" tests="3" failures="0" timestamp="2020-12-13T13:53:53 IST" time="4.988" errors="0">
  <testcase name="webTagTest" time="0.064" classname="com.gradle.testng.TestNGDemo"/>
  <testcase name="webTest" time="0.063" classname="com.gradle.testng.TestNGDemo"/>
  <testcase name="webTitleTest" time="0.006" classname="com.gradle.testng.TestNGDemo"/>
</testsuite> <!-- Default test -->
